#
# There is insufficient memory for the Java Runtime Environment to continue.
# Native memory allocation (malloc) failed to allocate 32744 bytes for ChunkPool::allocate
# Possible reasons:
#   The system is out of physical RAM or swap space
#   The process is running with CompressedOops enabled, and the Java Heap may be blocking the growth of the native heap
# Possible solutions:
#   Reduce memory load on the system
#   Increase physical memory or swap space
#   Check if swap backing store is full
#   Decrease Java heap size (-Xmx/-Xms)
#   Decrease number of Java threads
#   Decrease Java thread stack sizes (-Xss)
#   Set larger code cache with -XX:ReservedCodeCacheSize=
#   JVM is running with Unscaled Compressed Oops mode in which the Java heap is
#     placed in the first 4GB address space. The Java Heap base address is the
#     maximum limit for the native heap growth. Please use -XX:HeapBaseMinAddress
#     to set the Java Heap base and to place the Java Heap above 4GB virtual address.
# This output file may be truncated or incomplete.
#
#  Out of Memory Error (arena.cpp:78), pid=19276, tid=21416
#
# JRE version: Java(TM) SE Runtime Environment (17.0.9+11) (build 17.0.9+11-LTS-201)
# Java VM: Java HotSpot(TM) 64-Bit Server VM (17.0.9+11-LTS-201, mixed mode, emulated-client, sharing, tiered, compressed oops, compressed class ptrs, g1 gc, windows-amd64)
# No core dump will be written. Minidumps are not enabled by default on client versions of Windows
#

---------------  S U M M A R Y ------------

Command Line: -XX:TieredStopAtLevel=1 -Dspring.output.ansi.enabled=always -Dcom.sun.management.jmxremote -Dspring.jmx.enabled=true -Dspring.liveBeansView.mbeanDomain -Dspring.application.admin.enabled=true -Dmanagement.endpoints.jmx.exposure.include=* -javaagent:C:\Users\m.achchamakmaki\AppData\Local\Programs\IntelliJ IDEA 2026.1\lib\idea_rt.jar=56789 -Dfile.encoding=UTF-8 jbel.annour.vehiclereconciliation.VehicleReconciliationApplication

Host: 11th Gen Intel(R) Core(TM) i5-1135G7 @ 2.40GHz, 8 cores, 7G,  Windows 10 , 64 bit Build 19041 (10.0.19041.5915)
Time: Thu Jun 18 16:42:04 2026 Maroc (heure d64 bit Build 19041 (10.0.19041.5915) elapsed time: 1.785645 seconds (0d 0h 0m 1s)

---------------  T H R E A D  ---------------

Current thread (0x000001d2c4449900):  JavaThread "main" [_thread_in_vm, id=21416, stack(0x00000007f3a00000,0x00000007f3b00000)]

Stack: [0x00000007f3a00000,0x00000007f3b00000]
Native frames: (J=compiled Java code, j=interpreted, Vv=VM code, C=native code)
V  [jvm.dll+0x678a4a]
V  [jvm.dll+0x7d9cfd]
V  [jvm.dll+0x7db60e]
V  [jvm.dll+0x7dbc73]
V  [jvm.dll+0x245e1f]
V  [jvm.dll+0xaad50]
V  [jvm.dll+0xab09c]
V  [jvm.dll+0x2bee4e]
V  [jvm.dll+0x2be406]
V  [jvm.dll+0x1eb2f2]
V  [jvm.dll+0x1e03aa]
V  [jvm.dll+0x53eaec]
V  [jvm.dll+0x7546bd]
V  [jvm.dll+0x75461a]
V  [jvm.dll+0x40cdf3]
V  [jvm.dll+0x42041c]
C  [java.dll+0x1657]

Java frames: (J=compiled Java code, j=interpreted, Vv=VM code)
j  java.lang.ClassLoader.defineClass0(Ljava/lang/ClassLoader;Ljava/lang/Class;Ljava/lang/String;[BIILjava/security/ProtectionDomain;ZILjava/lang/Object;)Ljava/lang/Class;+0 java.base@17.0.9
j  java.lang.System$2.defineClass(Ljava/lang/ClassLoader;Ljava/lang/Class;Ljava/lang/String;[BLjava/security/ProtectionDomain;ZILjava/lang/Object;)Ljava/lang/Class;+17 java.base@17.0.9
j  java.lang.invoke.MethodHandles$Lookup$ClassDefiner.defineClass(ZLjava/lang/Object;)Ljava/lang/Class;+54 java.base@17.0.9
j  java.lang.invoke.InvokerBytecodeGenerator.loadMethod([B)Ljava/lang/invoke/MemberName;+16 java.base@17.0.9
j  java.lang.invoke.InvokerBytecodeGenerator.generateCustomizedCode(Ljava/lang/invoke/LambdaForm;Ljava/lang/invoke/MethodType;)Ljava/lang/invoke/MemberName;+30 java.base@17.0.9
j  java.lang.invoke.LambdaForm.compileToBytecode()V+69 java.base@17.0.9
J 593 c1 java.lang.invoke.LambdaForm.prepare()V java.base@17.0.9 (112 bytes) @ 0x000001d2cbf3e374 [0x000001d2cbf3e300+0x0000000000000074]
J 592 c1 java.lang.invoke.MethodHandle.<init>(Ljava/lang/invoke/MethodType;Ljava/lang/invoke/LambdaForm;)V java.base@17.0.9 (37 bytes) @ 0x000001d2cbf3ca9c [0x000001d2cbf3c9e0+0x00000000000000bc]
J 944 c1 java.lang.invoke.BoundMethodHandle.<init>(Ljava/lang/invoke/MethodType;Ljava/lang/invoke/LambdaForm;)V java.base@17.0.9 (32 bytes) @ 0x000001d2cbfc086c [0x000001d2cbfc0820+0x000000000000004c]
j  java.lang.invoke.BoundMethodHandle$Species_LLL.<init>(Ljava/lang/invoke/MethodType;Ljava/lang/invoke/LambdaForm;Ljava/lang/Object;Ljava/lang/Object;Ljava/lang/Object;)V+3 java.base@17.0.9
j  java.lang.invoke.BoundMethodHandle$Species_LLL.make(Ljava/lang/invoke/MethodType;Ljava/lang/invoke/LambdaForm;Ljava/lang/Object;Ljava/lang/Object;Ljava/lang/Object;)Ljava/lang/invoke/BoundMethodHandle;+10 java.base@17.0.9
j  java.lang.invoke.DirectMethodHandle$Holder.invokeStatic(Ljava/lang/Object;Ljava/lang/Object;Ljava/lang/Object;Ljava/lang/Object;Ljava/lang/Object;Ljava/lang/Object;)Ljava/lang/Object;+18 java.base@17.0.9
j  java.lang.invoke.BoundMethodHandle$Species_LL.copyWithExtendL(Ljava/lang/invoke/MethodType;Ljava/lang/invoke/LambdaForm;Ljava/lang/Object;)Ljava/lang/invoke/BoundMethodHandle;+18 java.base@17.0.9
j  java.lang.invoke.MethodHandles.argumentsWithCombiner(ZLjava/lang/invoke/MethodHandle;ILjava/lang/invoke/MethodHandle;[I)Ljava/lang/invoke/MethodHandle;+122 java.base@17.0.9
j  java.lang.invoke.MethodHandles.filterArgumentsWithCombiner(Ljava/lang/invoke/MethodHandle;ILjava/lang/invoke/MethodHandle;[I)Ljava/lang/invoke/MethodHandle;+5 java.base@17.0.9
j  java.lang.invoke.StringConcatFactory.generateMHInlineCopy(Ljava/lang/invoke/MethodType;Ljava/util/List;)Ljava/lang/invoke/MethodHandle;+387 java.base@17.0.9
j  java.lang.invoke.StringConcatFactory.makeConcatWithConstants(Ljava/lang/invoke/MethodHandles$Lookup;Ljava/lang/String;Ljava/lang/invoke/MethodType;Ljava/lang/String;[Ljava/lang/Object;)Ljava/lang/invoke/CallSite;+220 java.base@17.0.9
j  java.lang.invoke.DirectMethodHandle$Holder.invokeStatic(Ljava/lang/Object;Ljava/lang/Object;Ljava/lang/Object;Ljava/lang/Object;Ljava/lang/Object;Ljava/lang/Object;)Ljava/lang/Object;+18 java.base@17.0.9
j  java.lang.invoke.DelegatingMethodHandle$Holder.delegate(Ljava/lang/Object;Ljava/lang/Object;Ljava/lang/Object;Ljava/lang/Object;Ljava/lang/Object;Ljava/lang/Object;)Ljava/lang/Object;+21 java.base@17.0.9
j  java.lang.invoke.Invokers$Holder.invokeExact_MT(Ljava/lang/Object;Ljava/lang/Object;Ljava/lang/Object;Ljava/lang/Object;Ljava/lang/Object;Ljava/lang/Object;Ljava/lang/Object;)Ljava/lang/Object;+26 java.base@17.0.9
j  java.lang.invoke.BootstrapMethodInvoker.invoke(Ljava/lang/Class;Ljava/lang/invoke/MethodHandle;Ljava/lang/String;Ljava/lang/Object;Ljava/lang/Object;Ljava/lang/Class;)Ljava/lang/Object;+157 java.base@17.0.9
j  java.lang.invoke.CallSite.makeSite(Ljava/lang/invoke/MethodHandle;Ljava/lang/String;Ljava/lang/invoke/MethodType;Ljava/lang/Object;Ljava/lang/Class;)Ljava/lang/invoke/CallSite;+8 java.base@17.0.9
j  java.lang.invoke.MethodHandleNatives.linkCallSiteImpl(Ljava/lang/Class;Ljava/lang/invoke/MethodHandle;Ljava/lang/String;Ljava/lang/invoke/MethodType;Ljava/lang/Object;[Ljava/lang/Object;)Ljava/lang/invoke/MemberName;+6 java.base@17.0.9
j  java.lang.invoke.MethodHandleNatives.linkCallSite(Ljava/lang/Object;ILjava/lang/Object;Ljava/lang/Object;Ljava/lang/Object;Ljava/lang/Object;[Ljava/lang/Object;)Ljava/lang/invoke/MemberName;+46 java.base@17.0.9
v  ~StubRoutines::call_stub
j  ch.qos.logback.classic.util.ContextInitializer.printDuration(JLch/qos/logback/classic/spi/Configurator;Lch/qos/logback/classic/spi/Configurator$ExecutionStatus;)V+31
j  ch.qos.logback.classic.util.ContextInitializer.invokeConfigure(Lch/qos/logback/classic/spi/Configurator;)Lch/qos/logback/classic/spi/Configurator$ExecutionStatus;+54
j  ch.qos.logback.classic.util.ContextInitializer.autoConfig(Ljava/lang/ClassLoader;)V+91
j  ch.qos.logback.classic.util.ContextInitializer.autoConfig()V+6
j  ch.qos.logback.classic.spi.LogbackServiceProvider.initializeLoggerContext()V+11
j  ch.qos.logback.classic.spi.LogbackServiceProvider.initialize()V+21
j  org.slf4j.LoggerFactory.bind()V+40
j  org.slf4j.LoggerFactory.performInitialization()V+0
j  org.slf4j.LoggerFactory.getProvider()Lorg/slf4j/spi/SLF4JServiceProvider;+21
j  org.slf4j.LoggerFactory.getILoggerFactory()Lorg/slf4j/ILoggerFactory;+0
j  org.slf4j.LoggerFactory.getLogger(Ljava/lang/String;)Lorg/slf4j/Logger;+0
j  org.apache.commons.logging.LogAdapter$Slf4jAdapter.createLocationAwareLog(Ljava/lang/String;)Lorg/apache/commons/logging/Log;+1
j  org.apache.commons.logging.LogAdapter$$Lambda$95+0x000001d2810c7ab0.apply(Ljava/lang/Object;)Ljava/lang/Object;+4
j  org.apache.commons.logging.LogAdapter.createLog(Ljava/lang/String;)Lorg/apache/commons/logging/Log;+4
j  org.apache.commons.logging.LogFactory.getLog(Ljava/lang/String;)Lorg/apache/commons/logging/Log;+1
j  org.apache.commons.logging.LogFactory.getLog(Ljava/lang/Class;)Lorg/apache/commons/logging/Log;+4
j  org.springframework.boot.SpringApplication.<clinit>()V+2
v  ~StubRoutines::call_stub
j  jbel.annour.vehiclereconciliation.VehicleReconciliationApplication.main([Ljava/lang/String;)V+3
v  ~StubRoutines::call_stub

---------------  P R O C E S S  ---------------

Threads class SMR info:
_java_thread_list=0x000001d2d6920e60, length=14, elements={
0x000001d2c4449900, 0x000001d2d618ac10, 0x000001d2d618b4e0, 0x000001d2d619ed80,
0x000001d2d619f650, 0x000001d2d619ff20, 0x000001d2d61a2800, 0x000001d2d61a3180,
0x000001d2d61a46a0, 0x000001d2d6175320, 0x000001d2d6175800, 0x000001d2d680bad0,
0x000001d2d680c370, 0x000001d2d6933a50
}

Java Threads: ( => current thread )
=>0x000001d2c4449900 JavaThread "main" [_thread_in_vm, id=21416, stack(0x00000007f3a00000,0x00000007f3b00000)]
  0x000001d2d618ac10 JavaThread "Reference Handler" daemon [_thread_blocked, id=14736, stack(0x00000007f4100000,0x00000007f4200000)]
  0x000001d2d618b4e0 JavaThread "Finalizer" daemon [_thread_blocked, id=15232, stack(0x00000007f4200000,0x00000007f4300000)]
  0x000001d2d619ed80 JavaThread "Signal Dispatcher" daemon [_thread_blocked, id=4740, stack(0x00000007f4300000,0x00000007f4400000)]
  0x000001d2d619f650 JavaThread "Attach Listener" daemon [_thread_blocked, id=11348, stack(0x00000007f4400000,0x00000007f4500000)]
  0x000001d2d619ff20 JavaThread "Service Thread" daemon [_thread_blocked, id=20268, stack(0x00000007f4500000,0x00000007f4600000)]
  0x000001d2d61a2800 JavaThread "Monitor Deflation Thread" daemon [_thread_blocked, id=13872, stack(0x00000007f4600000,0x00000007f4700000)]
  0x000001d2d61a3180 JavaThread "C1 CompilerThread0" daemon [_thread_in_native, id=7268, stack(0x00000007f4700000,0x00000007f4800000)]
  0x000001d2d61a46a0 JavaThread "Sweeper thread" daemon [_thread_blocked, id=22052, stack(0x00000007f4800000,0x00000007f4900000)]
  0x000001d2d6175320 JavaThread "Common-Cleaner" daemon [_thread_blocked, id=3156, stack(0x00000007f4900000,0x00000007f4a00000)]
  0x000001d2d6175800 JavaThread "C1 CompilerThread1" daemon [_thread_blocked, id=6296, stack(0x00000007f4a00000,0x00000007f4b00000)]
  0x000001d2d680bad0 JavaThread "Monitor Ctrl-Break" daemon [_thread_in_native, id=20728, stack(0x00000007f4b00000,0x00000007f4c00000)]
  0x000001d2d680c370 JavaThread "Notification Thread" daemon [_thread_blocked, id=4124, stack(0x00000007f4c00000,0x00000007f4d00000)]
  0x000001d2d6933a50 JavaThread "RMI TCP Accept-0" daemon [_thread_in_native, id=12980, stack(0x00000007f4d00000,0x00000007f4e00000)]

Other Threads:
  0x000001d2d61832e0 VMThread "VM Thread" [stack: 0x00000007f4000000,0x00000007f4100000] [id=18832]
  0x000001d2d6941880 WatcherThread [stack: 0x00000007f4e00000,0x00000007f4f00000] [id=6404]
  0x000001d2c44a5440 GCTaskThread "GC Thread#0" [stack: 0x00000007f3b00000,0x00000007f3c00000] [id=7288]
  0x000001d2c44b6ab0 ConcurrentGCThread "G1 Main Marker" [stack: 0x00000007f3c00000,0x00000007f3d00000] [id=5556]
  0x000001d2c44b73d0 ConcurrentGCThread "G1 Conc#0" [stack: 0x00000007f3d00000,0x00000007f3e00000] [id=9436]
  0x000001d2d60320b0 ConcurrentGCThread "G1 Refine#0" [stack: 0x00000007f3e00000,0x00000007f3f00000] [id=21252]
  0x000001d2d60328f0 ConcurrentGCThread "G1 Service" [stack: 0x00000007f3f00000,0x00000007f4000000] [id=16888]

Threads with active compile tasks:
C1 CompilerThread0     1814  962       1       java.net.URLStreamHandler::parseURL (1201 bytes)

VM state: not at safepoint (normal execution)

VM Mutex/Monitor currently owned by a thread: None

Heap address: 0x0000000084000000, size: 1984 MB, Compressed Oops mode: 32-bit

CDS archive(s) mapped at: [0x000001d280000000-0x000001d280bd0000-0x000001d280bd0000), size 12386304, SharedBaseAddress: 0x000001d280000000, ArchiveRelocationMode: 1.
Compressed class space mapped at: 0x000001d281000000-0x000001d2c1000000, reserved size: 1073741824
Narrow klass base: 0x000001d280000000, Narrow klass shift: 0, Narrow klass range: 0x100000000

GC Precious Log:
 CPUs: 8 total, 8 available
 Memory: 7934M
 Large Page Support: Disabled
 NUMA Support: Disabled
 Compressed Oops: Enabled (32-bit)
 Heap Region Size: 1M
 Heap Min Capacity: 8M
 Heap Initial Capacity: 124M
 Heap Max Capacity: 1984M
 Pre-touch: Disabled
 Parallel Workers: 8
 Concurrent Workers: 2
 Concurrent Refinement Workers: 8
 Periodic GC: Disabled

Heap:
 garbage-first heap   total 126976K, used 17408K [0x0000000084000000, 0x0000000100000000)
  region size 1024K, 17 young (17408K), 0 survivors (0K)
 Metaspace       used 5091K, committed 5248K, reserved 1114112K
  class space    used 610K, committed 704K, reserved 1048576K

Heap Regions: E=young(eden), S=young(survivor), O=old, HS=humongous(starts), HC=humongous(continues), CS=collection set, F=free, OA=open archive, CA=closed archive, TAMS=top-at-mark-start (previous, next)
|   0|0x0000000084000000, 0x0000000084100000, 0x0000000084100000|100%|HS|  |TAMS 0x0000000084000000, 0x0000000084000000| Complete 
|   1|0x0000000084100000, 0x0000000084200000, 0x0000000084200000|100%|HS|  |TAMS 0x0000000084100000, 0x0000000084100000| Complete 
|   2|0x0000000084200000, 0x0000000084200000, 0x0000000084300000|  0%| F|  |TAMS 0x0000000084200000, 0x0000000084200000| Untracked 
|   3|0x0000000084300000, 0x0000000084300000, 0x0000000084400000|  0%| F|  |TAMS 0x0000000084300000, 0x0000000084300000| Untracked 
|   4|0x0000000084400000, 0x0000000084400000, 0x0000000084500000|  0%| F|  |TAMS 0x0000000084400000, 0x0000000084400000| Untracked 
|   5|0x0000000084500000, 0x0000000084500000, 0x0000000084600000|  0%| F|  |TAMS 0x0000000084500000, 0x0000000084500000| Untracked 
|   6|0x0000000084600000, 0x0000000084600000, 0x0000000084700000|  0%| F|  |TAMS 0x0000000084600000, 0x0000000084600000| Untracked 
|   7|0x0000000084700000, 0x0000000084700000, 0x0000000084800000|  0%| F|  |TAMS 0x0000000084700000, 0x0000000084700000| Untracked 
|   8|0x0000000084800000, 0x0000000084800000, 0x0000000084900000|  0%| F|  |TAMS 0x0000000084800000, 0x0000000084800000| Untracked 
|   9|0x0000000084900000, 0x0000000084900000, 0x0000000084a00000|  0%| F|  |TAMS 0x0000000084900000, 0x0000000084900000| Untracked 
|  10|0x0000000084a00000, 0x0000000084a00000, 0x0000000084b00000|  0%| F|  |TAMS 0x0000000084a00000, 0x0000000084a00000| Untracked 
|  11|0x0000000084b00000, 0x0000000084b00000, 0x0000000084c00000|  0%| F|  |TAMS 0x0000000084b00000, 0x0000000084b00000| Untracked 
|  12|0x0000000084c00000, 0x0000000084c00000, 0x0000000084d00000|  0%| F|  |TAMS 0x0000000084c00000, 0x0000000084c00000| Untracked 
|  13|0x0000000084d00000, 0x0000000084d00000, 0x0000000084e00000|  0%| F|  |TAMS 0x0000000084d00000, 0x0000000084d00000| Untracked 
|  14|0x0000000084e00000, 0x0000000084e00000, 0x0000000084f00000|  0%| F|  |TAMS 0x0000000084e00000, 0x0000000084e00000| Untracked 
|  15|0x0000000084f00000, 0x0000000084f00000, 0x0000000085000000|  0%| F|  |TAMS 0x0000000084f00000, 0x0000000084f00000| Untracked 
|  16|0x0000000085000000, 0x0000000085000000, 0x0000000085100000|  0%| F|  |TAMS 0x0000000085000000, 0x0000000085000000| Untracked 
|  17|0x0000000085100000, 0x0000000085100000, 0x0000000085200000|  0%| F|  |TAMS 0x0000000085100000, 0x0000000085100000| Untracked 
|  18|0x0000000085200000, 0x0000000085200000, 0x0000000085300000|  0%| F|  |TAMS 0x0000000085200000, 0x0000000085200000| Untracked 
|  19|0x0000000085300000, 0x0000000085300000, 0x0000000085400000|  0%| F|  |TAMS 0x0000000085300000, 0x0000000085300000| Untracked 
|  20|0x0000000085400000, 0x0000000085400000, 0x0000000085500000|  0%| F|  |TAMS 0x0000000085400000, 0x0000000085400000| Untracked 
|  21|0x0000000085500000, 0x0000000085500000, 0x0000000085600000|  0%| F|  |TAMS 0x0000000085500000, 0x0000000085500000| Untracked 
|  22|0x0000000085600000, 0x0000000085600000, 0x0000000085700000|  0%| F|  |TAMS 0x0000000085600000, 0x0000000085600000| Untracked 
|  23|0x0000000085700000, 0x0000000085700000, 0x0000000085800000|  0%| F|  |TAMS 0x0000000085700000, 0x0000000085700000| Untracked 
|  24|0x0000000085800000, 0x0000000085800000, 0x0000000085900000|  0%| F|  |TAMS 0x0000000085800000, 0x0000000085800000| Untracked 
|  25|0x0000000085900000, 0x0000000085900000, 0x0000000085a00000|  0%| F|  |TAMS 0x0000000085900000, 0x0000000085900000| Untracked 
|  26|0x0000000085a00000, 0x0000000085a00000, 0x0000000085b00000|  0%| F|  |TAMS 0x0000000085a00000, 0x0000000085a00000| Untracked 
|  27|0x0000000085b00000, 0x0000000085b00000, 0x0000000085c00000|  0%| F|  |TAMS 0x0000000085b00000, 0x0000000085b00000| Untracked 
|  28|0x0000000085c00000, 0x0000000085c00000, 0x0000000085d00000|  0%| F|  |TAMS 0x0000000085c00000, 0x0000000085c00000| Untracked 
|  29|0x0000000085d00000, 0x0000000085d00000, 0x0000000085e00000|  0%| F|  |TAMS 0x0000000085d00000, 0x0000000085d00000| Untracked 
|  30|0x0000000085e00000, 0x0000000085e00000, 0x0000000085f00000|  0%| F|  |TAMS 0x0000000085e00000, 0x0000000085e00000| Untracked 
|  31|0x0000000085f00000, 0x0000000085f00000, 0x0000000086000000|  0%| F|  |TAMS 0x0000000085f00000, 0x0000000085f00000| Untracked 
|  32|0x0000000086000000, 0x0000000086000000, 0x0000000086100000|  0%| F|  |TAMS 0x0000000086000000, 0x0000000086000000| Untracked 
|  33|0x0000000086100000, 0x0000000086100000, 0x0000000086200000|  0%| F|  |TAMS 0x0000000086100000, 0x0000000086100000| Untracked 
|  34|0x0000000086200000, 0x0000000086200000, 0x0000000086300000|  0%| F|  |TAMS 0x0000000086200000, 0x0000000086200000| Untracked 
|  35|0x0000000086300000, 0x0000000086300000, 0x0000000086400000|  0%| F|  |TAMS 0x0000000086300000, 0x0000000086300000| Untracked 
|  36|0x0000000086400000, 0x0000000086400000, 0x0000000086500000|  0%| F|  |TAMS 0x0000000086400000, 0x0000000086400000| Untracked 
|  37|0x0000000086500000, 0x0000000086500000, 0x0000000086600000|  0%| F|  |TAMS 0x0000000086500000, 0x0000000086500000| Untracked 
|  38|0x0000000086600000, 0x0000000086600000, 0x0000000086700000|  0%| F|  |TAMS 0x0000000086600000, 0x0000000086600000| Untracked 
|  39|0x0000000086700000, 0x0000000086700000, 0x0000000086800000|  0%| F|  |TAMS 0x0000000086700000, 0x0000000086700000| Untracked 
|  40|0x0000000086800000, 0x0000000086800000, 0x0000000086900000|  0%| F|  |TAMS 0x0000000086800000, 0x0000000086800000| Untracked 
|  41|0x0000000086900000, 0x0000000086900000, 0x0000000086a00000|  0%| F|  |TAMS 0x0000000086900000, 0x0000000086900000| Untracked 
|  42|0x0000000086a00000, 0x0000000086a00000, 0x0000000086b00000|  0%| F|  |TAMS 0x0000000086a00000, 0x0000000086a00000| Untracked 
|  43|0x0000000086b00000, 0x0000000086b00000, 0x0000000086c00000|  0%| F|  |TAMS 0x0000000086b00000, 0x0000000086b00000| Untracked 
|  44|0x0000000086c00000, 0x0000000086c00000, 0x0000000086d00000|  0%| F|  |TAMS 0x0000000086c00000, 0x0000000086c00000| Untracked 
|  45|0x0000000086d00000, 0x0000000086d00000, 0x0000000086e00000|  0%| F|  |TAMS 0x0000000086d00000, 0x0000000086d00000| Untracked 
|  46|0x0000000086e00000, 0x0000000086e00000, 0x0000000086f00000|  0%| F|  |TAMS 0x0000000086e00000, 0x0000000086e00000| Untracked 
|  47|0x0000000086f00000, 0x0000000086f00000, 0x0000000087000000|  0%| F|  |TAMS 0x0000000086f00000, 0x0000000086f00000| Untracked 
|  48|0x0000000087000000, 0x0000000087000000, 0x0000000087100000|  0%| F|  |TAMS 0x0000000087000000, 0x0000000087000000| Untracked 
|  49|0x0000000087100000, 0x0000000087100000, 0x0000000087200000|  0%| F|  |TAMS 0x0000000087100000, 0x0000000087100000| Untracked 
|  50|0x0000000087200000, 0x0000000087200000, 0x0000000087300000|  0%| F|  |TAMS 0x0000000087200000, 0x0000000087200000| Untracked 
|  51|0x0000000087300000, 0x0000000087300000, 0x0000000087400000|  0%| F|  |TAMS 0x0000000087300000, 0x0000000087300000| Untracked 
|  52|0x0000000087400000, 0x0000000087400000, 0x0000000087500000|  0%| F|  |TAMS 0x0000000087400000, 0x0000000087400000| Untracked 
|  53|0x0000000087500000, 0x0000000087500000, 0x0000000087600000|  0%| F|  |TAMS 0x0000000087500000, 0x0000000087500000| Untracked 
|  54|0x0000000087600000, 0x0000000087600000, 0x0000000087700000|  0%| F|  |TAMS 0x0000000087600000, 0x0000000087600000| Untracked 
|  55|0x0000000087700000, 0x0000000087700000, 0x0000000087800000|  0%| F|  |TAMS 0x0000000087700000, 0x0000000087700000| Untracked 
|  56|0x0000000087800000, 0x0000000087800000, 0x0000000087900000|  0%| F|  |TAMS 0x0000000087800000, 0x0000000087800000| Untracked 
|  57|0x0000000087900000, 0x0000000087900000, 0x0000000087a00000|  0%| F|  |TAMS 0x0000000087900000, 0x0000000087900000| Untracked 
|  58|0x0000000087a00000, 0x0000000087a00000, 0x0000000087b00000|  0%| F|  |TAMS 0x0000000087a00000, 0x0000000087a00000| Untracked 
|  59|0x0000000087b00000, 0x0000000087b00000, 0x0000000087c00000|  0%| F|  |TAMS 0x0000000087b00000, 0x0000000087b00000| Untracked 
|  60|0x0000000087c00000, 0x0000000087c00000, 0x0000000087d00000|  0%| F|  |TAMS 0x0000000087c00000, 0x0000000087c00000| Untracked 
|  61|0x0000000087d00000, 0x0000000087d00000, 0x0000000087e00000|  0%| F|  |TAMS 0x0000000087d00000, 0x0000000087d00000| Untracked 
|  62|0x0000000087e00000, 0x0000000087e00000, 0x0000000087f00000|  0%| F|  |TAMS 0x0000000087e00000, 0x0000000087e00000| Untracked 
|  63|0x0000000087f00000, 0x0000000087f00000, 0x0000000088000000|  0%| F|  |TAMS 0x0000000087f00000, 0x0000000087f00000| Untracked 
|  64|0x0000000088000000, 0x0000000088000000, 0x0000000088100000|  0%| F|  |TAMS 0x0000000088000000, 0x0000000088000000| Untracked 
|  65|0x0000000088100000, 0x0000000088100000, 0x0000000088200000|  0%| F|  |TAMS 0x0000000088100000, 0x0000000088100000| Untracked 
|  66|0x0000000088200000, 0x0000000088200000, 0x0000000088300000|  0%| F|  |TAMS 0x0000000088200000, 0x0000000088200000| Untracked 
|  67|0x0000000088300000, 0x0000000088300000, 0x0000000088400000|  0%| F|  |TAMS 0x0000000088300000, 0x0000000088300000| Untracked 
|  68|0x0000000088400000, 0x0000000088400000, 0x0000000088500000|  0%| F|  |TAMS 0x0000000088400000, 0x0000000088400000| Untracked 
|  69|0x0000000088500000, 0x0000000088500000, 0x0000000088600000|  0%| F|  |TAMS 0x0000000088500000, 0x0000000088500000| Untracked 
|  70|0x0000000088600000, 0x0000000088600000, 0x0000000088700000|  0%| F|  |TAMS 0x0000000088600000, 0x0000000088600000| Untracked 
|  71|0x0000000088700000, 0x0000000088700000, 0x0000000088800000|  0%| F|  |TAMS 0x0000000088700000, 0x0000000088700000| Untracked 
|  72|0x0000000088800000, 0x0000000088800000, 0x0000000088900000|  0%| F|  |TAMS 0x0000000088800000, 0x0000000088800000| Untracked 
|  73|0x0000000088900000, 0x0000000088900000, 0x0000000088a00000|  0%| F|  |TAMS 0x0000000088900000, 0x0000000088900000| Untracked 
|  74|0x0000000088a00000, 0x0000000088a00000, 0x0000000088b00000|  0%| F|  |TAMS 0x0000000088a00000, 0x0000000088a00000| Untracked 
|  75|0x0000000088b00000, 0x0000000088b00000, 0x0000000088c00000|  0%| F|  |TAMS 0x0000000088b00000, 0x0000000088b00000| Untracked 
|  76|0x0000000088c00000, 0x0000000088c00000, 0x0000000088d00000|  0%| F|  |TAMS 0x0000000088c00000, 0x0000000088c00000| Untracked 
|  77|0x0000000088d00000, 0x0000000088d00000, 0x0000000088e00000|  0%| F|  |TAMS 0x0000000088d00000, 0x0000000088d00000| Untracked 
|  78|0x0000000088e00000, 0x0000000088e00000, 0x0000000088f00000|  0%| F|  |TAMS 0x0000000088e00000, 0x0000000088e00000| Untracked 
|  79|0x0000000088f00000, 0x0000000088f00000, 0x0000000089000000|  0%| F|  |TAMS 0x0000000088f00000, 0x0000000088f00000| Untracked 
|  80|0x0000000089000000, 0x0000000089000000, 0x0000000089100000|  0%| F|  |TAMS 0x0000000089000000, 0x0000000089000000| Untracked 
|  81|0x0000000089100000, 0x0000000089100000, 0x0000000089200000|  0%| F|  |TAMS 0x0000000089100000, 0x0000000089100000| Untracked 
|  82|0x0000000089200000, 0x0000000089200000, 0x0000000089300000|  0%| F|  |TAMS 0x0000000089200000, 0x0000000089200000| Untracked 
|  83|0x0000000089300000, 0x0000000089300000, 0x0000000089400000|  0%| F|  |TAMS 0x0000000089300000, 0x0000000089300000| Untracked 
|  84|0x0000000089400000, 0x0000000089400000, 0x0000000089500000|  0%| F|  |TAMS 0x0000000089400000, 0x0000000089400000| Untracked 
|  85|0x0000000089500000, 0x0000000089500000, 0x0000000089600000|  0%| F|  |TAMS 0x0000000089500000, 0x0000000089500000| Untracked 
|  86|0x0000000089600000, 0x0000000089600000, 0x0000000089700000|  0%| F|  |TAMS 0x0000000089600000, 0x0000000089600000| Untracked 
|  87|0x0000000089700000, 0x0000000089700000, 0x0000000089800000|  0%| F|  |TAMS 0x0000000089700000, 0x0000000089700000| Untracked 
|  88|0x0000000089800000, 0x0000000089800000, 0x0000000089900000|  0%| F|  |TAMS 0x0000000089800000, 0x0000000089800000| Untracked 
|  89|0x0000000089900000, 0x0000000089900000, 0x0000000089a00000|  0%| F|  |TAMS 0x0000000089900000, 0x0000000089900000| Untracked 
|  90|0x0000000089a00000, 0x0000000089a00000, 0x0000000089b00000|  0%| F|  |TAMS 0x0000000089a00000, 0x0000000089a00000| Untracked 
|  91|0x0000000089b00000, 0x0000000089b00000, 0x0000000089c00000|  0%| F|  |TAMS 0x0000000089b00000, 0x0000000089b00000| Untracked 
|  92|0x0000000089c00000, 0x0000000089c00000, 0x0000000089d00000|  0%| F|  |TAMS 0x0000000089c00000, 0x0000000089c00000| Untracked 
|  93|0x0000000089d00000, 0x0000000089d00000, 0x0000000089e00000|  0%| F|  |TAMS 0x0000000089d00000, 0x0000000089d00000| Untracked 
|  94|0x0000000089e00000, 0x0000000089e00000, 0x0000000089f00000|  0%| F|  |TAMS 0x0000000089e00000, 0x0000000089e00000| Untracked 
|  95|0x0000000089f00000, 0x0000000089f00000, 0x000000008a000000|  0%| F|  |TAMS 0x0000000089f00000, 0x0000000089f00000| Untracked 
|  96|0x000000008a000000, 0x000000008a000000, 0x000000008a100000|  0%| F|  |TAMS 0x000000008a000000, 0x000000008a000000| Untracked 
|  97|0x000000008a100000, 0x000000008a100000, 0x000000008a200000|  0%| F|  |TAMS 0x000000008a100000, 0x000000008a100000| Untracked 
|  98|0x000000008a200000, 0x000000008a200000, 0x000000008a300000|  0%| F|  |TAMS 0x000000008a200000, 0x000000008a200000| Untracked 
|  99|0x000000008a300000, 0x000000008a300000, 0x000000008a400000|  0%| F|  |TAMS 0x000000008a300000, 0x000000008a300000| Untracked 
| 100|0x000000008a400000, 0x000000008a400000, 0x000000008a500000|  0%| F|  |TAMS 0x000000008a400000, 0x000000008a400000| Untracked 
| 101|0x000000008a500000, 0x000000008a500000, 0x000000008a600000|  0%| F|  |TAMS 0x000000008a500000, 0x000000008a500000| Untracked 
| 102|0x000000008a600000, 0x000000008a600000, 0x000000008a700000|  0%| F|  |TAMS 0x000000008a600000, 0x000000008a600000| Untracked 
| 103|0x000000008a700000, 0x000000008a700000, 0x000000008a800000|  0%| F|  |TAMS 0x000000008a700000, 0x000000008a700000| Untracked 
| 104|0x000000008a800000, 0x000000008a800000, 0x000000008a900000|  0%| F|  |TAMS 0x000000008a800000, 0x000000008a800000| Untracked 
| 105|0x000000008a900000, 0x000000008a900000, 0x000000008aa00000|  0%| F|  |TAMS 0x000000008a900000, 0x000000008a900000| Untracked 
| 106|0x000000008aa00000, 0x000000008aa00000, 0x000000008ab00000|  0%| F|  |TAMS 0x000000008aa00000, 0x000000008aa00000| Untracked 
| 107|0x000000008ab00000, 0x000000008ab76f30, 0x000000008ac00000| 46%| E|  |TAMS 0x000000008ab00000, 0x000000008ab00000| Complete 
| 108|0x000000008ac00000, 0x000000008ad00000, 0x000000008ad00000|100%| E|CS|TAMS 0x000000008ac00000, 0x000000008ac00000| Complete 
| 109|0x000000008ad00000, 0x000000008ae00000, 0x000000008ae00000|100%| E|CS|TAMS 0x000000008ad00000, 0x000000008ad00000| Complete 
| 110|0x000000008ae00000, 0x000000008af00000, 0x000000008af00000|100%| E|CS|TAMS 0x000000008ae00000, 0x000000008ae00000| Complete 
| 111|0x000000008af00000, 0x000000008b000000, 0x000000008b000000|100%| E|CS|TAMS 0x000000008af00000, 0x000000008af00000| Complete 
| 112|0x000000008b000000, 0x000000008b100000, 0x000000008b100000|100%| E|CS|TAMS 0x000000008b000000, 0x000000008b000000| Complete 
| 113|0x000000008b100000, 0x000000008b200000, 0x000000008b200000|100%| E|CS|TAMS 0x000000008b100000, 0x000000008b100000| Complete 
| 114|0x000000008b200000, 0x000000008b300000, 0x000000008b300000|100%| E|CS|TAMS 0x000000008b200000, 0x000000008b200000| Complete 
| 115|0x000000008b300000, 0x000000008b400000, 0x000000008b400000|100%| E|CS|TAMS 0x000000008b300000, 0x000000008b300000| Complete 
| 116|0x000000008b400000, 0x000000008b500000, 0x000000008b500000|100%| E|CS|TAMS 0x000000008b400000, 0x000000008b400000| Complete 
| 117|0x000000008b500000, 0x000000008b600000, 0x000000008b600000|100%| E|  |TAMS 0x000000008b500000, 0x000000008b500000| Complete 
| 118|0x000000008b600000, 0x000000008b700000, 0x000000008b700000|100%| E|CS|TAMS 0x000000008b600000, 0x000000008b600000| Complete 
| 119|0x000000008b700000, 0x000000008b800000, 0x000000008b800000|100%| E|CS|TAMS 0x000000008b700000, 0x000000008b700000| Complete 
| 120|0x000000008b800000, 0x000000008b900000, 0x000000008b900000|100%| E|CS|TAMS 0x000000008b800000, 0x000000008b800000| Complete 
| 121|0x000000008b900000, 0x000000008ba00000, 0x000000008ba00000|100%| E|CS|TAMS 0x000000008b900000, 0x000000008b900000| Complete 
| 122|0x000000008ba00000, 0x000000008bb00000, 0x000000008bb00000|100%| E|CS|TAMS 0x000000008ba00000, 0x000000008ba00000| Complete 
| 123|0x000000008bb00000, 0x000000008bc00000, 0x000000008bc00000|100%| E|CS|TAMS 0x000000008bb00000, 0x000000008bb00000| Complete 

Card table byte_map: [0x000001d2cf1d0000,0x000001d2cf5b0000] _byte_map_base: 0x000001d2cedb0000

Marking Bits (Prev, Next): (CMBitMap*) 0x000001d2c44a6980, (CMBitMap*) 0x000001d2c44a69c0
 Prev Bits: [0x000001d2cf990000, 0x000001d2d1890000)
 Next Bits: [0x000001d2d1890000, 0x000001d2d3790000)

Polling page: 0x000001d2c23c0000

Metaspace:

Usage:
  Non-class:      4.38 MB used.
      Class:    610.39 KB used.
       Both:      4.97 MB used.

Virtual space:
  Non-class space:       64.00 MB reserved,       4.44 MB (  7%) committed,  1 nodes.
      Class space:        1.00 GB reserved,     704.00 KB ( <1%) committed,  1 nodes.
             Both:        1.06 GB reserved,       5.12 MB ( <1%) committed. 

Chunk freelists:
   Non-Class:  11.34 MB
       Class:  15.17 MB
        Both:  26.50 MB

MaxMetaspaceSize: unlimited
CompressedClassSpaceSize: 1.00 GB
Initial GC threshold: 21.00 MB
Current GC threshold: 21.00 MB
CDS: on
MetaspaceReclaimPolicy: balanced
 - commit_granule_bytes: 65536.
 - commit_granule_words: 8192.
 - virtual_space_node_default_size: 8388608.
 - enlarge_chunks_in_place: 1.
 - new_chunks_are_fully_committed: 0.
 - uncommit_free_chunks: 1.
 - use_allocation_guard: 0.
 - handle_deallocations: 1.


Internal statistics:

num_allocs_failed_limit: 0.
num_arena_births: 88.
num_arena_deaths: 0.
num_vsnodes_births: 2.
num_vsnodes_deaths: 0.
num_space_committed: 82.
num_space_uncommitted: 0.
num_chunks_returned_to_freelist: 0.
num_chunks_taken_from_freelist: 132.
num_chunk_merges: 0.
num_chunk_splits: 87.
num_chunks_enlarged: 51.
num_inconsistent_stats: 0.

CodeCache: size=49152Kb used=2993Kb max_used=2993Kb free=46158Kb
 bounds [0x000001d2cbce0000, 0x000001d2cbfd0000, 0x000001d2cece0000]
 total_blobs=1409 nmethods=973 adapters=363
 compilation: enabled
              stopped_count=0, restarted_count=0
 full_count=0

Compilation events (20 events):
Event: 1.775 Thread 0x000001d2d61a3180 nmethod 960 0x000001d2cbfc7110 code [0x000001d2cbfc72a0, 0x000001d2cbfc73b8]
Event: 1.775 Thread 0x000001d2d6175800 nmethod 958 0x000001d2cbfc7410 code [0x000001d2cbfc7640, 0x000001d2cbfc7d28]
Event: 1.775 Thread 0x000001d2d6175800  961       1       sun.net.www.protocol.file.Handler::parseURL (18 bytes)
Event: 1.775 Thread 0x000001d2d61a3180  962       1       java.net.URLStreamHandler::parseURL (1201 bytes)
Event: 1.775 Thread 0x000001d2d6175800 nmethod 961 0x000001d2cbfc8310 code [0x000001d2cbfc84c0, 0x000001d2cbfc85f8]
Event: 1.777 Thread 0x000001d2d6175800  963       1       java.lang.invoke.MethodHandleNatives::isPullModeBSM (2 bytes)
Event: 1.777 Thread 0x000001d2d6175800 nmethod 963 0x000001d2cbfc8710 code [0x000001d2cbfc88a0, 0x000001d2cbfc8958]
Event: 1.777 Thread 0x000001d2d6175800  965       1       java.lang.invoke.ConstantCallSite::getTarget (20 bytes)
Event: 1.777 Thread 0x000001d2d6175800 nmethod 965 0x000001d2cbfc8a10 code [0x000001d2cbfc8ba0, 0x000001d2cbfc8d08]
Event: 1.777 Thread 0x000001d2d6175800  964       1       java.lang.invoke.MethodHandleImpl::isCompileConstant (2 bytes)
Event: 1.777 Thread 0x000001d2d6175800 nmethod 964 0x000001d2cbfc8e10 code [0x000001d2cbfc8fa0, 0x000001d2cbfc9058]
Event: 1.779 Thread 0x000001d2d6175800  966       1       java.util.ImmutableCollections$List12::size (16 bytes)
Event: 1.779 Thread 0x000001d2d6175800 nmethod 966 0x000001d2cbfc9110 code [0x000001d2cbfc92a0, 0x000001d2cbfc9378]
Event: 1.779 Thread 0x000001d2d6175800  967       1       java.lang.invoke.InvokerBytecodeGenerator::getInternalName (103 bytes)
Event: 1.780 Thread 0x000001d2d6175800 nmethod 967 0x000001d2cbfc9410 code [0x000001d2cbfc9600, 0x000001d2cbfc9938]
Event: 1.780 Thread 0x000001d2d6175800  971       1       jdk.internal.org.objectweb.asm.MethodWriter::endCurrentBasicBlockWithNoSuccessor (94 bytes)
Event: 1.781 Thread 0x000001d2d6175800 nmethod 971 0x000001d2cbfca910 code [0x000001d2cbfcaae0, 0x000001d2cbfcaf08]
Event: 1.781 Thread 0x000001d2d6175800  974       1       jdk.internal.org.objectweb.asm.SymbolTable::addTypeInternal (85 bytes)
Event: 1.782 Thread 0x000001d2d6175800 nmethod 974 0x000001d2cbfcb990 code [0x000001d2cbfcbb60, 0x000001d2cbfcc018]
Event: 1.782 Thread 0x000001d2d6175800  975       1       jdk.internal.org.objectweb.asm.MethodWriter::visitTypeInsn (116 bytes)

GC Heap History (0 events):
No events

Deoptimization events (0 events):
No events

Classes unloaded (0 events):
No events

Classes redefined (0 events):
No events

Internal exceptions (10 events):
Event: 0.883 Thread 0x000001d2d680bad0 Exception <a 'java/lang/NoSuchMethodError'{0x000000008b3f9ac0}: 'java.lang.Object java.lang.invoke.DirectMethodHandle$Holder.invokeStaticInit(java.lang.Object)'> (0x000000008b3f9ac0) 
thrown [s\open\src\hotspot\share\interpreter\linkResolver.cpp, line 759]
Event: 0.895 Thread 0x000001d2d680bad0 Exception <a 'java/lang/NoSuchMethodError'{0x000000008b207c18}: 'void java.lang.invoke.DirectMethodHandle$Holder.invokeStatic(java.lang.Object, java.lang.Object)'> (0x000000008b207c18) 
thrown [s\open\src\hotspot\share\interpreter\linkResolver.cpp, line 759]
Event: 0.980 Thread 0x000001d2c4449900 Exception <a 'java/lang/NoSuchMethodError'{0x000000008b3cbb28}: 'int java.lang.invoke.DirectMethodHandle$Holder.invokeInterface(java.lang.Object, java.lang.Object)'> (0x000000008b3cbb28) 
thrown [s\open\src\hotspot\share\interpreter\linkResolver.cpp, line 759]
Event: 0.981 Thread 0x000001d2c4449900 Exception <a 'java/lang/IncompatibleClassChangeError'{0x000000008b3cf128}: Found class java.lang.Object, but interface was expected> (0x000000008b3cf128) 
thrown [s\open\src\hotspot\share\interpreter\linkResolver.cpp, line 826]
Event: 1.109 Thread 0x000001d2c4449900 Exception <a 'java/lang/NoSuchMethodError'{0x000000008b11cf40}: 'int java.lang.invoke.DirectMethodHandle$Holder.invokeSpecial(java.lang.Object, java.lang.Object, java.lang.Object)'> (0x000000008b11cf40) 
thrown [s\open\src\hotspot\share\interpreter\linkResolver.cpp, line 759]
Event: 1.302 Thread 0x000001d2c4449900 Exception <a 'java/lang/NoSuchMethodError'{0x000000008b0173d0}: 'void java.lang.invoke.DirectMethodHandle$Holder.invokeStatic(java.lang.Object, java.lang.Object, java.lang.Object)'> (0x000000008b0173d0) 
thrown [s\open\src\hotspot\share\interpreter\linkResolver.cpp, line 759]
Event: 1.325 Thread 0x000001d2c4449900 Exception <a 'java/lang/NoSuchMethodError'{0x000000008b054028}: 'int java.lang.invoke.DirectMethodHandle$Holder.invokeSpecialIFC(java.lang.Object, java.lang.Object, java.lang.Object)'> (0x000000008b054028) 
thrown [s\open\src\hotspot\share\interpreter\linkResolver.cpp, line 759]
Event: 1.415 Thread 0x000001d2c4449900 Exception <a 'java/lang/NoSuchMethodError'{0x000000008b0ca8c0}: 'java.lang.Object java.lang.invoke.DirectMethodHandle$Holder.invokeStaticInit(java.lang.Object, int, int, int, int)'> (0x000000008b0ca8c0) 
thrown [s\open\src\hotspot\share\interpreter\linkResolver.cpp, line 759]
Event: 1.549 Thread 0x000001d2c4449900 Exception <a 'java/lang/NoSuchMethodError'{0x000000008ae24988}: 'java.lang.Object java.lang.invoke.DirectMethodHandle$Holder.invokeStaticInit(java.lang.Object, java.lang.Object, int, int, int, int)'> (0x000000008ae24988) 
thrown [s\open\src\hotspot\share\interpreter\linkResolver.cpp, line 759]
Event: 1.593 Thread 0x000001d2c4449900 Exception <a 'java/lang/ClassNotFoundException'{0x000000008ae42ba0}: javax/management/remote/rmi/RMIServerImpl_Skel> (0x000000008ae42ba0) 
thrown [s\open\src\hotspot\share\classfile\systemDictionary.cpp, line 256]

VM Operations (18 events):
Event: 0.358 Executing VM operation: HandshakeAllThreads
Event: 0.358 Executing VM operation: HandshakeAllThreads done
Event: 0.880 Executing VM operation: HandshakeAllThreads
Event: 0.880 Executing VM operation: HandshakeAllThreads done
Event: 0.993 Executing VM operation: HandshakeAllThreads
Event: 0.993 Executing VM operation: HandshakeAllThreads done
Event: 0.998 Executing VM operation: HandshakeAllThreads
Event: 0.998 Executing VM operation: HandshakeAllThreads done
Event: 1.369 Executing VM operation: HandshakeAllThreads
Event: 1.369 Executing VM operation: HandshakeAllThreads done
Event: 1.369 Executing VM operation: Cleanup
Event: 1.369 Executing VM operation: Cleanup done
Event: 1.638 Executing VM operation: HandshakeAllThreads
Event: 1.638 Executing VM operation: HandshakeAllThreads done
Event: 1.714 Executing VM operation: HandshakeAllThreads
Event: 1.714 Executing VM operation: HandshakeAllThreads done
Event: 1.726 Executing VM operation: HandshakeAllThreads
Event: 1.726 Executing VM operation: HandshakeAllThreads done

Events (20 events):
Event: 1.718 loading class java/net/URLConnection
Event: 1.719 loading class java/net/URLConnection done
Event: 1.719 loading class java/net/JarURLConnection done
Event: 1.719 loading class sun/net/www/protocol/jar/JarURLConnection done
Event: 1.719 loading class sun/net/www/protocol/jar/JarFileFactory
Event: 1.719 loading class sun/net/www/protocol/jar/URLJarFile$URLJarFileCloseController
Event: 1.719 loading class sun/net/www/protocol/jar/URLJarFile$URLJarFileCloseController done
Event: 1.719 loading class sun/net/www/protocol/jar/JarFileFactory done
Event: 1.720 loading class sun/net/www/protocol/file/FileURLConnection
Event: 1.720 loading class sun/net/www/URLConnection
Event: 1.720 loading class sun/net/www/URLConnection done
Event: 1.720 loading class sun/net/www/protocol/file/FileURLConnection done
Event: 1.721 loading class sun/net/www/MessageHeader
Event: 1.723 loading class sun/net/www/MessageHeader done
Event: 1.724 loading class sun/net/www/protocol/jar/URLJarFile
Event: 1.726 loading class sun/net/www/protocol/jar/URLJarFile done
Event: 1.727 loading class sun/net/www/protocol/jar/URLJarFile$URLJarFileEntry
Event: 1.727 loading class sun/net/www/protocol/jar/URLJarFile$URLJarFileEntry done
Event: 1.727 loading class sun/net/www/protocol/jar/JarURLConnection$JarURLInputStream
Event: 1.727 loading class sun/net/www/protocol/jar/JarURLConnection$JarURLInputStream done


Dynamic libraries:
0x00007ff6bc340000 - 0x00007ff6bc350000 	C:\Program Files\Java\jdk-17\bin\java.exe
0x00007ffe74930000 - 0x00007ffe74b28000 	C:\Windows\SYSTEM32\ntdll.dll
0x00007ffe73830000 - 0x00007ffe738f2000 	C:\Windows\System32\KERNEL32.DLL
0x00007ffe72300000 - 0x00007ffe725f6000 	C:\Windows\System32\KERNELBASE.dll
0x00007ffe72600000 - 0x00007ffe72700000 	C:\Windows\System32\ucrtbase.dll
0x00007ffe64260000 - 0x00007ffe64279000 	C:\Program Files\Java\jdk-17\bin\jli.dll
0x00007ffe73b50000 - 0x00007ffe73c01000 	C:\Windows\System32\ADVAPI32.dll
0x00007ffe74320000 - 0x00007ffe743be000 	C:\Windows\System32\msvcrt.dll
0x00007ffe72950000 - 0x00007ffe729ef000 	C:\Windows\System32\sechost.dll
0x00007ffe72d00000 - 0x00007ffe72e20000 	C:\Windows\System32\RPCRT4.dll
0x00007ffe72200000 - 0x00007ffe72227000 	C:\Windows\System32\bcrypt.dll
0x00007ffe72b50000 - 0x00007ffe72cf1000 	C:\Windows\System32\USER32.dll
0x00007ffe72230000 - 0x00007ffe72252000 	C:\Windows\System32\win32u.dll
0x00007ffe748c0000 - 0x00007ffe748eb000 	C:\Windows\System32\GDI32.dll
0x00007ffe72780000 - 0x00007ffe72899000 	C:\Windows\System32\gdi32full.dll
0x00007ffe72260000 - 0x00007ffe722fd000 	C:\Windows\System32\msvcp_win.dll
0x00007ffe64240000 - 0x00007ffe6425b000 	C:\Program Files\Java\jdk-17\bin\VCRUNTIME140.dll
0x00007ffe59410000 - 0x00007ffe596ab000 	C:\Windows\WinSxS\amd64_microsoft.windows.common-controls_6595b64144ccf1df_6.0.19041.6456_none_60b8a6cb71f64256\COMCTL32.dll
0x00007ffe697e0000 - 0x00007ffe697ea000 	C:\Windows\SYSTEM32\VERSION.dll
0x00007ffe743c0000 - 0x00007ffe743ef000 	C:\Windows\System32\IMM32.DLL
0x00007ffe64230000 - 0x00007ffe6423c000 	C:\Program Files\Java\jdk-17\bin\vcruntime140_1.dll
0x00007ffe641a0000 - 0x00007ffe6422e000 	C:\Program Files\Java\jdk-17\bin\msvcp140.dll
0x00007ffe2c110000 - 0x00007ffe2ccf1000 	C:\Program Files\Java\jdk-17\bin\server\jvm.dll
0x00007ffe72a10000 - 0x00007ffe72a18000 	C:\Windows\System32\PSAPI.DLL
0x00007ffe64190000 - 0x00007ffe64199000 	C:\Windows\SYSTEM32\WSOCK32.dll
0x00007ffe73ad0000 - 0x00007ffe73b3b000 	C:\Windows\System32\WS2_32.dll
0x00007ffe60820000 - 0x00007ffe60847000 	C:\Windows\SYSTEM32\WINMM.dll
0x00007ffe706b0000 - 0x00007ffe706c2000 	C:\Windows\SYSTEM32\kernel.appcore.dll
0x00007ffe64180000 - 0x00007ffe6418a000 	C:\Program Files\Java\jdk-17\bin\jimage.dll
0x00007ffe70220000 - 0x00007ffe70421000 	C:\Windows\SYSTEM32\DBGHELP.DLL
0x00007ffe48480000 - 0x00007ffe484b4000 	C:\Windows\SYSTEM32\dbgcore.DLL
0x00007ffe71fc0000 - 0x00007ffe72042000 	C:\Windows\System32\bcryptPrimitives.dll
0x00007ffe64010000 - 0x00007ffe6401e000 	C:\Program Files\Java\jdk-17\bin\instrument.dll
0x00007ffe64150000 - 0x00007ffe64175000 	C:\Program Files\Java\jdk-17\bin\java.dll
0x00007ffe318d0000 - 0x00007ffe319a7000 	C:\Program Files\Java\jdk-17\bin\jsvml.dll
0x00007ffe73060000 - 0x00007ffe737d0000 	C:\Windows\System32\SHELL32.dll
0x00007ffe6f9b0000 - 0x00007ffe70155000 	C:\Windows\SYSTEM32\windows.storage.dll
0x00007ffe73dc0000 - 0x00007ffe74114000 	C:\Windows\System32\combase.dll
0x00007ffe71910000 - 0x00007ffe7193b000 	C:\Windows\SYSTEM32\Wldp.dll
0x00007ffe74250000 - 0x00007ffe7431d000 	C:\Windows\System32\OLEAUT32.dll
0x00007ffe72f30000 - 0x00007ffe72fdd000 	C:\Windows\System32\SHCORE.dll
0x00007ffe743f0000 - 0x00007ffe7444b000 	C:\Windows\System32\shlwapi.dll
0x00007ffe71ef0000 - 0x00007ffe71f14000 	C:\Windows\SYSTEM32\profapi.dll
0x00007ffe64020000 - 0x00007ffe64038000 	C:\Program Files\Java\jdk-17\bin\zip.dll
0x00007ffe64130000 - 0x00007ffe64149000 	C:\Program Files\Java\jdk-17\bin\net.dll
0x00007ffe6dd70000 - 0x00007ffe6de7a000 	C:\Windows\SYSTEM32\WINHTTP.dll
0x00007ffe716f0000 - 0x00007ffe7175a000 	C:\Windows\system32\mswsock.dll
0x00007ffe64110000 - 0x00007ffe64126000 	C:\Program Files\Java\jdk-17\bin\nio.dll
0x00007ffe713e0000 - 0x00007ffe714aa000 	C:\Windows\SYSTEM32\DNSAPI.dll
0x00007ffe713a0000 - 0x00007ffe713db000 	C:\Windows\SYSTEM32\IPHLPAPI.DLL
0x00007ffe74240000 - 0x00007ffe74248000 	C:\Windows\System32\NSI.dll
0x00007ffe6a2b0000 - 0x00007ffe6a2ba000 	C:\Windows\System32\rasadhlp.dll
0x00007ffe6db50000 - 0x00007ffe6dbd0000 	C:\Windows\System32\fwpuclnt.dll
0x00007ffe59870000 - 0x00007ffe5987a000 	C:\Program Files\Java\jdk-17\bin\management.dll
0x00007ffe59860000 - 0x00007ffe5986b000 	C:\Program Files\Java\jdk-17\bin\management_ext.dll
0x00007ffe71950000 - 0x00007ffe71968000 	C:\Windows\SYSTEM32\CRYPTSP.dll
0x00007ffe70fc0000 - 0x00007ffe70ff8000 	C:\Windows\system32\rsaenh.dll
0x00007ffe71e70000 - 0x00007ffe71e9e000 	C:\Windows\SYSTEM32\USERENV.dll
0x00007ffe71880000 - 0x00007ffe7188c000 	C:\Windows\SYSTEM32\CRYPTBASE.dll
0x00007ffe6dc00000 - 0x00007ffe6dc17000 	C:\Windows\SYSTEM32\dhcpcsvc6.DLL
0x00007ffe6dbd0000 - 0x00007ffe6dbed000 	C:\Windows\SYSTEM32\dhcpcsvc.DLL
0x00007ffe416d0000 - 0x00007ffe416e7000 	C:\Windows\system32\napinsp.dll
0x00007ffe416f0000 - 0x00007ffe4170b000 	C:\Windows\system32\pnrpnsp.dll
0x00007ffe6dfc0000 - 0x00007ffe6dfdd000 	C:\Windows\system32\wshbth.dll
0x00007ffe6de90000 - 0x00007ffe6dead000 	C:\Windows\system32\NLAapi.dll
0x00007ffe41710000 - 0x00007ffe41722000 	C:\Windows\System32\winrnr.dll

dbghelp: loaded successfully - version: 4.0.5 - missing functions: none
symbol engine: initialized successfully - sym options: 0x614 - pdb path: .;C:\Program Files\Java\jdk-17\bin;C:\Windows\SYSTEM32;C:\Windows\WinSxS\amd64_microsoft.windows.common-controls_6595b64144ccf1df_6.0.19041.6456_none_60b8a6cb71f64256;C:\Program Files\Java\jdk-17\bin\server

VM Arguments:
jvm_args: -XX:TieredStopAtLevel=1 -Dspring.output.ansi.enabled=always -Dcom.sun.management.jmxremote -Dspring.jmx.enabled=true -Dspring.liveBeansView.mbeanDomain -Dspring.application.admin.enabled=true -Dmanagement.endpoints.jmx.exposure.include=* -javaagent:C:\Users\m.achchamakmaki\AppData\Local\Programs\IntelliJ IDEA 2026.1\lib\idea_rt.jar=56789 -Dfile.encoding=UTF-8 
java_command: jbel.annour.vehiclereconciliation.VehicleReconciliationApplication
java_class_path (initial): C:\Users\m.achchamakmaki\Desktop\vehicle-reconciliation\target\classes;C:\Users\m.achchamakmaki\.m2\repository\org\springframework\boot\spring-boot-starter-data-jpa\3.5.15-SNAPSHOT\spring-boot-starter-data-jpa-3.5.15-20260610.165343-51.jar;C:\Users\m.achchamakmaki\.m2\repository\org\springframework\boot\spring-boot-starter\3.5.15-SNAPSHOT\spring-boot-starter-3.5.15-20260610.165343-51.jar;C:\Users\m.achchamakmaki\.m2\repository\org\springframework\boot\spring-boot\3.5.15-SNAPSHOT\spring-boot-3.5.15-20260610.165343-51.jar;C:\Users\m.achchamakmaki\.m2\repository\org\springframework\boot\spring-boot-autoconfigure\3.5.15-SNAPSHOT\spring-boot-autoconfigure-3.5.15-20260610.165343-51.jar;C:\Users\m.achchamakmaki\.m2\repository\org\springframework\boot\spring-boot-starter-logging\3.5.15-SNAPSHOT\spring-boot-starter-logging-3.5.15-20260610.165343-51.jar;C:\Users\m.achchamakmaki\.m2\repository\ch\qos\logback\logback-classic\1.5.34\logback-classic-1.5.34.jar;C:\Users\m.achchamakmaki\.m2\repository\ch\qos\logback\logback-core\1.5.34\logback-core-1.5.34.jar;C:\Users\m.achchamakmaki\.m2\repository\org\apache\logging\log4j\log4j-to-slf4j\2.24.3\log4j-to-slf4j-2.24.3.jar;C:\Users\m.achchamakmaki\.m2\repository\org\slf4j\jul-to-slf4j\2.0.18\jul-to-slf4j-2.0.18.jar;C:\Users\m.achchamakmaki\.m2\repository\jakarta\annotation\jakarta.annotation-api\2.1.1\jakarta.annotation-api-2.1.1.jar;C:\Users\m.achchamakmaki\.m2\repository\org\yaml\snakeyaml\2.4\snakeyaml-2.4.jar;C:\Users\m.achchamakmaki\.m2\repository\org\springframework\boot\spring-boot-starter-jdbc\3.5.15-SNAPSHOT\spring-boot-starter-jdbc-3.5.15-20260610.165343-51.jar;C:\Users\m.achchamakmaki\.m2\repository\com\zaxxer\HikariCP\6.3.3\HikariCP-6.3.3.jar;C:\Users\m.achchamakmaki\.m2\repository\org\springframework\spring-jdbc\6.2.19\spring-jdbc-6.2.19.jar;C:\Users\m.achchamakmaki\.m2\repository\org\hibernate\orm\hibernate-core\6.6.53.Final\hibernate-core-6.6.53.Final.jar;C:\Users\m.achchamakmaki\.m2\reposit
Launcher Type: SUN_STANDARD

[Global flags]
     intx CICompilerCount                          = 4                                         {product} {ergonomic}
     uint ConcGCThreads                            = 2                                         {product} {ergonomic}
     uint G1ConcRefinementThreads                  = 8                                         {product} {ergonomic}
   size_t G1HeapRegionSize                         = 1048576                                   {product} {ergonomic}
    uintx GCDrainStackTargetSize                   = 64                                        {product} {ergonomic}
   size_t InitialHeapSize                          = 130023424                                 {product} {ergonomic}
     bool ManagementServer                         = true                                      {product} {command line}
   size_t MarkStackSize                            = 4194304                                   {product} {ergonomic}
   size_t MaxHeapSize                              = 2080374784                                {product} {ergonomic}
   size_t MaxNewSize                               = 1247805440                                {product} {ergonomic}
   size_t MinHeapDeltaBytes                        = 1048576                                   {product} {ergonomic}
   size_t MinHeapSize                              = 8388608                                   {product} {ergonomic}
    uintx NonProfiledCodeHeapSize                  = 0                                      {pd product} {ergonomic}
     bool ProfileInterpreter                       = false                                  {pd product} {command line}
    uintx ProfiledCodeHeapSize                     = 0                                      {pd product} {ergonomic}
   size_t SoftMaxHeapSize                          = 2080374784                             {manageable} {ergonomic}
     intx TieredStopAtLevel                        = 1                                         {product} {command line}
     bool UseCompressedClassPointers               = true                           {product lp64_product} {ergonomic}
     bool UseCompressedOops                        = true                           {product lp64_product} {ergonomic}
     bool UseG1GC                                  = true                                      {product} {ergonomic}
     bool UseLargePagesIndividualAllocation        = false                                  {pd product} {ergonomic}

Logging:
Log output configuration:
 #0: stdout all=warning uptime,level,tags
 #1: stderr all=off uptime,level,tags

Environment Variables:
PATH=C:\Program Files\Common Files\Oracle\Java\javapath;C:\Program Files (x86)\Common Files\Oracle\Java\java8path;C:\Program Files (x86)\Common Files\Oracle\Java\javapath;C:\Windows\system32;C:\Windows;C:\Windows\System32\Wbem;C:\Windows\System32\WindowsPowerShell\v1.0\;C:\Windows\System32\OpenSSH\;C:\Program Files\nodejs\;C:\Program Files (x86)\Microsoft SQL Server\160\Tools\Binn\;C:\Program Files\Microsoft SQL Server\160\Tools\Binn\;C:\Program Files\Microsoft SQL Server\Client SDK\ODBC\170\Tools\Binn\;C:\Program Files\Microsoft SQL Server\160\DTS\Binn\;C:\Program Files\Docker\Docker\resources\bin;C:\Program Files (x86)\Microsoft SQL Server\160\DTS\Binn\;C:\Users\m.achchamakmaki\AppData\Local\Microsoft\WindowsApps;C:\Users\m.achchamakmaki\AppData\Local\Programs\IntelliJ IDEA 2026.1\bin;C:\Users\m.achchamakmaki\AppData\Roaming\npm;C:\Users\m.achchamakmaki\AppData\Local\Programs\Microsoft VS Code\bin;C:\Users\m.achchamakmaki\AppData\Local\Programs\Git\cmd
USERNAME=m.achchamakmaki
OS=Windows_NT
PROCESSOR_IDENTIFIER=Intel64 Family 6 Model 140 Stepping 1, GenuineIntel



---------------  S Y S T E M  ---------------

OS:
 Windows 10 , 64 bit Build 19041 (10.0.19041.5915)
OS uptime: 0 days 5:13 hours
Hyper-V role detected

CPU: total 8 (initial active 8) (4 cores per cpu, 2 threads per core) family 6 model 140 stepping 1 microcode 0xbe, cx8, cmov, fxsr, ht, mmx, 3dnowpref, sse, sse2, sse3, ssse3, sse4.1, sse4.2, popcnt, lzcnt, tsc, tscinvbit, avx, avx2, aes, erms, clmul, bmi1, bmi2, adx, avx512f, avx512dq, avx512cd, avx512bw, avx512vl, sha, fma, vzeroupper, avx512_vpopcntdq, avx512_vpclmulqdq, avx512_vaes, avx512_vnni, clflush, clflushopt, clwb, avx512_vbmi2, avx512_vbmi, hv

Memory: 4k page, system-wide physical 7934M (137M free)
TotalPageFile size 20222M (AvailPageFile size 32M)
current process WorkingSet (physical memory assigned to process): 61M, peak: 61M
current process commit charge ("private bytes"): 213M, peak: 213M

vm_info: Java HotSpot(TM) 64-Bit Server VM (17.0.9+11-LTS-201) for windows-amd64 JRE (17.0.9+11-LTS-201), built on Oct 10 2023 23:16:06 by "mach5one" with MS VC++ 17.1 (VS2022)

END.
